Traceback (most recent call last):
  File "c:\anaconda3\lib\site-packages\jupyter_cache\executors\utils.py", line 51, in single_nb_execution
    executenb(
  File "c:\anaconda3\lib\site-packages\nbclient\client.py", line 1087, in execute
    return NotebookClient(nb=nb, resources=resources, km=km, **kwargs).execute()
  File "c:\anaconda3\lib\site-packages\nbclient\util.py", line 74, in wrapped
    return just_run(coro(*args, **kwargs))
  File "c:\anaconda3\lib\site-packages\nbclient\util.py", line 53, in just_run
    return loop.run_until_complete(coro)
  File "c:\anaconda3\lib\asyncio\base_events.py", line 616, in run_until_complete
    return future.result()
  File "c:\anaconda3\lib\site-packages\nbclient\client.py", line 540, in async_execute
    await self.async_execute_cell(
  File "c:\anaconda3\lib\site-packages\nbclient\client.py", line 832, in async_execute_cell
    self._check_raise_for_error(cell, exec_reply)
  File "c:\anaconda3\lib\site-packages\nbclient\client.py", line 740, in _check_raise_for_error
    raise CellExecutionError.from_cell_and_msg(cell, exec_reply['content'])
nbclient.exceptions.CellExecutionError: An error occurred while executing the following cell:
------------------
#ç¬¬äº”äººæ ¼

count=0
while count<3:
    phone=input('enter your phone number:')
    if(phone=='0909198701'):
        print('æ­¡è¿Žä¾†åˆ°èŽŠåœ’')
        break
    else:
        count+=1
        print('invalid-identification')
 
#ç•¶ä½ ç¿»é–‹æ—¥è¨˜æ™‚å•Ÿå‹•è§’è‰²ä»‹ç´¹
class character:
    def __init__(c,name,power,weapon):
        c.name=name
        c.power=power
        c.weapon=weapon
    def print_info(c,title):
        print(title)
        print('Name:',c.name)
        print('Power:',c.power)
        print('Weapon:',c.weapon)
player1=character('Emma',power=45,weapon='toolbox')
player1.print_info('--Emma--')
player2=character('Pearson',power=52,weapon='flashlight')
player2.print_info('--Pearson--')
player3=character('Freddy',power=10,weapon='map')
player3.print_info('--lawyer_Freddy--')
player4=character('Lucky boy',power=10,weapon=None) #finding red boxes to get weapon
player4.print_info('--Lucky boy--')

class villain:
    def __init__(v,name,power,weapon):
        v.name=name
        v.power=power
        v.weapon=weapon
    def print_info(v,title):
        print(title)
        print('Name:',v.name)
        print('Power:',v.power)
        print('Weapon:',v.weapon)
ghost1=villain('å» é•·',power=60,weapon='é¯Šé­šæ£’')
ghost1.print_info('--å» é•·--')
ghost2=villain('å°ä¸‘',power=75,weapon='ç«ç®­ç­’')
ghost2.print_info('--å°ä¸‘--')
ghost3=villain('é–‹è†›æ‰‹å‚‘å…‹',power=85,weapon='éœ§åˆƒå’Œå¤§æ‰‹')
ghost3.print_info('--é–‹è†›æ‰‹å‚‘å…‹--')

count=0
while count<2:
    hits=input('do players get hits?')
    if(hits=='n'):
        print('*å°ˆå¿ƒç ´è­¯*')
        continue
    else:
        hits=='y'
        count+=1
        print('*å—å‚·%dæ¬¡,æˆ‘éœ€è¦å¹«åŠ©!*'%count)
print('2æ¬¡å—å‚·ä¸Šæ¤…å­')

while True:        
    log_out=input('enter q to quit game') #ç™»å‡ºé›¢é–‹
    if(log_out=='q'):
        break
    
while True:
    attack=int(input('death number:'))
    if(attack==4 or 3):
        print('you win!')
        #ç¬¬äº”äººæ ¼

count=0
while count<3:
    phone=input('enter your phone number:')
    if(phone=='0909198701'):
        print('æ­¡è¿Žä¾†åˆ°èŽŠåœ’')
        break
    else:
        count+=1
        print('invalid-identification')
 
#ç•¶ä½ ç¿»é–‹æ—¥è¨˜æ™‚å•Ÿå‹•è§’è‰²ä»‹ç´¹
class character:
    def __init__(c,name,power,weapon):
        c.name=name
        c.power=power
        c.weapon=weapon
    def print_info(c,title):
        print(title)
        print('Name:',c.name)
        print('Power:',c.power)
        print('Weapon:',c.weapon)
player1=character('Emma',power=45,weapon='toolbox')
player1.print_info('--Emma--')
player2=character('Pearson',power=52,weapon='flashlight')
player2.print_info('--Pearson--')
player3=character('Freddy',power=10,weapon='map')
player3.print_info('--lawyer_Freddy--')
player4=character('Lucky boy',power=10,weapon=None) #finding red boxes to get weapon
player4.print_info('--Lucky boy--')

class villain:
    def __init__(v,name,power,weapon):
        v.name=name
        v.power=power
        v.weapon=weapon
    def print_info(v,title):
        print(title)
        print('Name:',v.name)
        print('Power:',v.power)
        print('Weapon:',v.weapon)
ghost1=villain('å» é•·',power=60,weapon='é¯Šé­šæ£’')
ghost1.print_info('--å» é•·--')
ghost2=villain('å°ä¸‘',power=75,weapon='ç«ç®­ç­’')
ghost2.print_info('--å°ä¸‘--')
ghost3=villain('é–‹è†›æ‰‹å‚‘å…‹',power=85,weapon='éœ§åˆƒå’Œå¤§æ‰‹')
ghost3.print_info('--é–‹è†›æ‰‹å‚‘å…‹--')

count=0
while count<2:
    hits=input('do players get hits?')
    if(hits=='n'):
        print('*å°ˆå¿ƒç ´è­¯*')
        break
    else:
        hits=='y'
        count+=1
        print('*å—å‚·%dæ¬¡,æˆ‘éœ€è¦å¹«åŠ©!*'%count)
print('2æ¬¡å—å‚·ä¸Šæ¤…å­')

while True:        
    log_out=input('enter q to quit game') #ç™»å‡ºé›¢é–‹
    if(log_out=='q'):
        break
    
while True:
    attack=int(input('death number:'))
    if(attack==4 or 3):
        print('you win!')
        continue
        if(attack==2):
            print('equal')
    else:
        attack<2
        print('you lose!')
        
    log_out=input('enter q to quit game') #ç™»å‡ºé›¢é–‹
    if(log_out=='q'):
        print('ç™»å‡º')
        break
    else:
        continue
------------------

[1;31m---------------------------------------------------------------------------[0m
[1;31mStdinNotImplementedError[0m                  Traceback (most recent call last)
[1;32m<ipython-input-1-795da99dfcd0>[0m in [0;36m<module>[1;34m[0m
[0;32m      3[0m [0mcount[0m[1;33m=[0m[1;36m0[0m[1;33m[0m[1;33m[0m[0m
[0;32m      4[0m [1;32mwhile[0m [0mcount[0m[1;33m<[0m[1;36m3[0m[1;33m:[0m[1;33m[0m[1;33m[0m[0m
[1;32m----> 5[1;33m     [0mphone[0m[1;33m=[0m[0minput[0m[1;33m([0m[1;34m'enter your phone number:'[0m[1;33m)[0m[1;33m[0m[1;33m[0m[0m
[0m[0;32m      6[0m     [1;32mif[0m[1;33m([0m[0mphone[0m[1;33m==[0m[1;34m'0909198701'[0m[1;33m)[0m[1;33m:[0m[1;33m[0m[1;33m[0m[0m
[0;32m      7[0m         [0mprint[0m[1;33m([0m[1;34m'æ­¡è¿Žä¾†åˆ°èŽŠåœ’'[0m[1;33m)[0m[1;33m[0m[1;33m[0m[0m

[1;32mC:\Anaconda3\lib\site-packages\ipykernel\kernelbase.py[0m in [0;36mraw_input[1;34m(self, prompt)[0m
[0;32m    855[0m         """
[0;32m    856[0m         [1;32mif[0m [1;32mnot[0m [0mself[0m[1;33m.[0m[0m_allow_stdin[0m[1;33m:[0m[1;33m[0m[1;33m[0m[0m
[1;32m--> 857[1;33m             raise StdinNotImplementedError(
[0m[0;32m    858[0m                 [1;34m"raw_input was called, but this frontend does not support input requests."[0m[1;33m[0m[1;33m[0m[0m
[0;32m    859[0m             )

[1;31mStdinNotImplementedError[0m: raw_input was called, but this frontend does not support input requests.
StdinNotImplementedError: raw_input was called, but this frontend does not support input requests.

